\BOOKMARK [1][-]{section.1}{Introduction}{}% 1
\BOOKMARK [1][-]{section.2}{Khan implementations }{}% 2
\BOOKMARK [2][-]{subsection.2.1}{Network}{section.2}% 3
\BOOKMARK [2][-]{subsection.2.2}{Network2Window}{section.2}% 4
\BOOKMARK [2][-]{subsection.2.3}{Sequential}{section.2}% 5
\BOOKMARK [2][-]{subsection.2.4}{Pipes}{section.2}% 6
\BOOKMARK [1][-]{section.3}{Applications}{}% 7
\BOOKMARK [2][-]{subsection.3.1}{Mandelbrot}{section.3}% 8
\BOOKMARK [3][-]{subsubsection.3.1.1}{Properties}{subsection.3.1}% 9
\BOOKMARK [3][-]{subsubsection.3.1.2}{Objective of Implementation}{subsection.3.1}% 10
\BOOKMARK [3][-]{subsubsection.3.1.3}{Evaluation of points}{subsection.3.1}% 11
\BOOKMARK [3][-]{subsubsection.3.1.4}{Colors}{subsection.3.1}% 12
\BOOKMARK [3][-]{subsubsection.3.1.5}{Kahn processes}{subsection.3.1}% 13
\BOOKMARK [3][-]{subsubsection.3.1.6}{Running mandelbrot}{subsection.3.1}% 14
\BOOKMARK [3][-]{subsubsection.3.1.7}{Some views}{subsection.3.1}% 15
\BOOKMARK [2][-]{subsection.3.2}{Tictactoe}{section.3}% 16
\BOOKMARK [3][-]{subsubsection.3.2.1}{Design of the communication }{subsection.3.2}% 17
\BOOKMARK [3][-]{subsubsection.3.2.2}{Structure of messages}{subsection.3.2}% 18
\BOOKMARK [3][-]{subsubsection.3.2.3}{Client \(host\)}{subsection.3.2}% 19
\BOOKMARK [3][-]{subsubsection.3.2.4}{Client }{subsection.3.2}% 20
\BOOKMARK [3][-]{subsubsection.3.2.5}{Run}{subsection.3.2}% 21
\BOOKMARK [2][-]{subsection.3.3}{K means}{section.3}% 22
\BOOKMARK [3][-]{subsubsection.3.3.1}{Usage}{subsection.3.3}% 23
