\BOOKMARK [1][-]{section.1}{Sequential}{}% 1
\BOOKMARK [1][-]{section.2}{Mandelbrot}{}% 2
\BOOKMARK [2][-]{subsection.2.1}{Madelbrot set}{section.2}% 3
\BOOKMARK [2][-]{subsection.2.2}{Properties}{section.2}% 4
\BOOKMARK [2][-]{subsection.2.3}{Implementation}{section.2}% 5
\BOOKMARK [3][-]{subsubsection.2.3.1}{Objective}{subsection.2.3}% 6
\BOOKMARK [3][-]{subsubsection.2.3.2}{Evaluation of points}{subsection.2.3}% 7
\BOOKMARK [3][-]{subsubsection.2.3.3}{Colors}{subsection.2.3}% 8
\BOOKMARK [3][-]{subsubsection.2.3.4}{Kahn processes}{subsection.2.3}% 9
\BOOKMARK [2][-]{subsection.2.4}{Usage}{section.2}% 10
\BOOKMARK [3][-]{subsubsection.2.4.1}{Running mandelbrot}{subsection.2.4}% 11
\BOOKMARK [3][-]{subsubsection.2.4.2}{Some views}{subsection.2.4}% 12
\BOOKMARK [1][-]{section.3}{Network}{}% 13
\BOOKMARK [1][-]{section.4}{Tic Tac Toe game}{}% 14
\BOOKMARK [2][-]{subsection.4.1}{Design of the communication }{section.4}% 15
\BOOKMARK [3][-]{subsubsection.4.1.1}{Structure of messages}{subsection.4.1}% 16
\BOOKMARK [3][-]{subsubsection.4.1.2}{Client \(host\)}{subsection.4.1}% 17
\BOOKMARK [3][-]{subsubsection.4.1.3}{Client }{subsection.4.1}% 18
\BOOKMARK [2][-]{subsection.4.2}{Usage}{section.4}% 19
\BOOKMARK [3][-]{subsubsection.4.2.1}{Run}{subsection.4.2}% 20
